<?xml version="1.0" encoding="UTF-8"?>
<!-- Generated by org.testng.reporters.JUnitXMLReporter -->
<testsuite ignored="1" hostname="LUMA-L0017" failures="0" tests="1" name="Regression" time="3.944" errors="0" timestamp="2022-06-11T23:02:49 EDT">
  <testcase classname="com.seleniumtesting.test.ECommerceTest" name="validateInvalidEmailAddress" time="2.242"/>
  <testcase classname="com.seleniumtesting.test.ECommerceTest" name="enterAccountInformation" time="0.0">
    <ignored/>
  </testcase> <!-- enterAccountInformation -->
</testsuite> <!-- Regression -->
