<?xml version="1.0" encoding="UTF-8"?>
<testng-results ignored="1" total="2" passed="1" failed="0" skipped="0">
  <reporter-output>
  </reporter-output>
  <suite started-at="2022-06-11T23:02:45 EDT" name="Test Suite" finished-at="2022-06-11T23:02:49 EDT" duration-ms="3944">
    <groups>
    </groups>
    <test started-at="2022-06-11T23:02:45 EDT" name="Regression" finished-at="2022-06-11T23:02:49 EDT" duration-ms="3944">
      <class name="com.seleniumtesting.test.ECommerceTest">
        <test-method is-config="true" signature="processXmlParameters(org.testng.ITestContext)[pri:0, instance:com.seleniumtesting.test.ECommerceTest@c03cf28]" started-at="2022-06-11T23:02:43 EDT" name="processXmlParameters" finished-at="2022-06-11T23:02:43 EDT" duration-ms="19" status="PASS">
          <params>
            <param index="0">
              <value>
                <![CDATA[org.testng.TestRunner@175acfb2]]>
              </value>
            </param>
          </params>
          <reporter-output>
          </reporter-output>
        </test-method> <!-- processXmlParameters -->
        <test-method is-config="true" signature="suiteSetup()[pri:0, instance:com.seleniumtesting.test.ECommerceTest@c03cf28]" started-at="2022-06-11T23:02:43 EDT" name="suiteSetup" finished-at="2022-06-11T23:02:45 EDT" duration-ms="1918" status="PASS">
          <reporter-output>
          </reporter-output>
        </test-method> <!-- suiteSetup -->
        <test-method is-config="true" signature="loadBaseUrl(java.lang.reflect.Method)[pri:0, instance:com.seleniumtesting.test.ECommerceTest@c03cf28]" started-at="2022-06-11T23:02:45 EDT" name="loadBaseUrl" finished-at="2022-06-11T23:02:47 EDT" duration-ms="1685" status="PASS">
          <params>
            <param index="0">
              <value>
                <![CDATA[public void com.seleniumtesting.test.ECommerceTest.validateInvalidEmailAddress()]]>
              </value>
            </param>
          </params>
          <reporter-output>
          </reporter-output>
        </test-method> <!-- loadBaseUrl -->
        <test-method signature="validateInvalidEmailAddress()[pri:0, instance:com.seleniumtesting.test.ECommerceTest@c03cf28]" started-at="2022-06-11T23:02:47 EDT" name="validateInvalidEmailAddress" finished-at="2022-06-11T23:02:49 EDT" duration-ms="2242" status="PASS">
          <reporter-output>
          </reporter-output>
        </test-method> <!-- validateInvalidEmailAddress -->
        <test-method is-config="true" signature="screenshotAndDeleteCookies(org.testng.ITestResult)[pri:0, instance:com.seleniumtesting.test.ECommerceTest@c03cf28]" started-at="2022-06-11T23:02:49 EDT" name="screenshotAndDeleteCookies" finished-at="2022-06-11T23:02:49 EDT" duration-ms="0" status="PASS">
          <params>
            <param index="0">
              <value>
                <![CDATA[[TestResult name=validateInvalidEmailAddress status=SUCCESS method=ECommerceTest.validateInvalidEmailAddress()[pri:0, instance:com.seleniumtesting.test.ECommerceTest@c03cf28] output={null}]]]>
              </value>
            </param>
          </params>
          <reporter-output>
          </reporter-output>
        </test-method> <!-- screenshotAndDeleteCookies -->
        <test-method is-config="true" signature="suiteTearDown()[pri:0, instance:com.seleniumtesting.test.ECommerceTest@c03cf28]" started-at="2022-06-11T23:02:49 EDT" name="suiteTearDown" finished-at="2022-06-11T23:02:50 EDT" duration-ms="669" status="PASS">
          <reporter-output>
          </reporter-output>
        </test-method> <!-- suiteTearDown -->
      </class> <!-- com.seleniumtesting.test.ECommerceTest -->
    </test> <!-- Regression -->
  </suite> <!-- Test Suite -->
</testng-results>
